0 info it worked if it ends with ok
1 verbose cli [ 'C:\\Program Files\\nodejs\\node.exe',
1 verbose cli   'C:\\Program Files\\nodejs\\node_modules\\npm\\bin\\npm-cli.js',
1 verbose cli   'run',
1 verbose cli   'test:e2e' ]
2 info using npm@3.10.10
3 info using node@v6.9.5
4 verbose run-script [ 'pretest:e2e', 'test:e2e', 'posttest:e2e' ]
5 info lifecycle hobnob@0.1.0~pretest:e2e: hobnob@0.1.0
6 silly lifecycle hobnob@0.1.0~pretest:e2e: no script for pretest:e2e, continuing
7 info lifecycle hobnob@0.1.0~test:e2e: hobnob@0.1.0
8 verbose lifecycle hobnob@0.1.0~test:e2e: unsafe-perm in lifecycle true
9 verbose lifecycle hobnob@0.1.0~test:e2e: PATH: C:\Users\ahsoliman\AppData\Roaming\nvm\v6.9.5\node_modules\npm\bin\node-gyp-bin;C:\DSC\ahg\Source\TestMCSD\BuildingEnterpriseJavaScriptApplications\hobnob\node_modules\.bin;C:\Users\ahsoliman\Downloads\cmder\bin;C:\Users\ahsoliman\Downloads\cmder\vendor\bin;C:\Users\ahsoliman\Downloads\cmder\vendor\conemu-maximus5\ConEmu\Scripts;C:\Users\ahsoliman\Downloads\cmder\vendor\conemu-maximus5;C:\Users\ahsoliman\Downloads\cmder\vendor\conemu-maximus5\ConEmu;C:\Program Files (x86)\Common Files\Oracle\Java\javapath;C:\Program Files\Common Files\Microsoft Shared\Microsoft Online Services;C:\Program Files (x86)\Common Files\Microsoft Shared\Microsoft Online Services;C:\oraclexe\app\oracle\product\11.2.0\server\bin;C:\app\Administrator\product\11.2.0\client_1\bin;C:\Program Files\Microsoft MPI\Bin\;C:\ProgramData\Oracle\Java\javapath;C:\Windows\system32;C:\Windows;C:\Windows\System32\Wbem;C:\Windows\System32\WindowsPowerShell\v1.0\;C:\Program Files (x86)\Microsoft SQL Server\130\Tools\Binn\;C:\Program Files\Microsoft SQL Server\130\Tools\Binn\;C:\Program Files (x86)\Microsoft SQL Server\130\DTS\Binn\;C:\Program Files\Microsoft SQL Server\130\DTS\Binn\;C:\Program Files\Microsoft SQL Server\Client SDK\ODBC\130\Tools\Binn\;C:\Program Files (x86)\Brackets\command;C:\Program Files\dotnet\;C:\Program Files\PuTTY\;C:\Program Files\Microsoft\Web Platform Installer\;C:\Program Files\Intel\WiFi\bin\;C:\Program Files\Common Files\Intel\WirelessCommon\;C:\Program Files\Git\cmd;C:\Program Files (x86)\Sennheiser\SoftphoneSDK\;C:\Users\ahsoliman\AppData\Local\Programs\Python\Python36-32\Scripts;C:\Program Files\Microsoft VS Code\bin;C:\Program Files (x86)\Microsoft SQL Server\Client SDK\ODBC\130\Tools\Binn\;C:\Program Files (x86)\Microsoft SQL Server\140\Tools\Binn\;C:\Program Files (x86)\Microsoft SQL Server\140\DTS\Binn\;C:\Program Files (x86)\Microsoft SQL Server\140\Tools\Binn\ManagementStudio\;%NVM_HOME%;%NVM_SYMLINK%;C:\Program Files\Microsoft VS Code\bin;C:\Program Files\Java\jdk1.8.0_161\bin;C:\Users\ahsoliman\AppData\Local\atom\bin;C:\Users\ahsoliman\AppData\Roaming\npm;C:\Program Files (x86)\Rico Suter\NSwagStudio\;C:\Users\ahsoliman\.dotnet\tools;C:\Users\ahsoliman\AppData\Roaming\nvm;C:\Program Files\nodejs;C:\Program Files\Git\cmd;C:\Program Files\Git\mingw64\bin;C:\Program Files\Git\usr\bin;C:\Users\ahsoliman\Downloads\cmder
10 verbose lifecycle hobnob@0.1.0~test:e2e: CWD: C:\DSC\ahg\Source\TestMCSD\BuildingEnterpriseJavaScriptApplications\hobnob
11 silly lifecycle hobnob@0.1.0~test:e2e: Args: [ '/d /s /c',
11 silly lifecycle   'cucumber-js features --require-module @babel/register --require steps' ]
12 silly lifecycle hobnob@0.1.0~test:e2e: Returned: code: 1  signal: null
13 info lifecycle hobnob@0.1.0~test:e2e: Failed to exec test:e2e script
14 verbose stack Error: hobnob@0.1.0 test:e2e: `cucumber-js features --require-module @babel/register --require steps`
14 verbose stack Exit status 1
14 verbose stack     at EventEmitter.<anonymous> (C:\Users\ahsoliman\AppData\Roaming\nvm\v6.9.5\node_modules\npm\lib\utils\lifecycle.js:255:16)
14 verbose stack     at emitTwo (events.js:106:13)
14 verbose stack     at EventEmitter.emit (events.js:191:7)
14 verbose stack     at ChildProcess.<anonymous> (C:\Users\ahsoliman\AppData\Roaming\nvm\v6.9.5\node_modules\npm\lib\utils\spawn.js:40:14)
14 verbose stack     at emitTwo (events.js:106:13)
14 verbose stack     at ChildProcess.emit (events.js:191:7)
14 verbose stack     at maybeClose (internal/child_process.js:877:16)
14 verbose stack     at Process.ChildProcess._handle.onexit (internal/child_process.js:226:5)
15 verbose pkgid hobnob@0.1.0
16 verbose cwd C:\DSC\ahg\Source\TestMCSD\BuildingEnterpriseJavaScriptApplications\hobnob
17 error Windows_NT 10.0.10586
18 error argv "C:\\Program Files\\nodejs\\node.exe" "C:\\Program Files\\nodejs\\node_modules\\npm\\bin\\npm-cli.js" "run" "test:e2e"
19 error node v6.9.5
20 error npm  v3.10.10
21 error code ELIFECYCLE
22 error hobnob@0.1.0 test:e2e: `cucumber-js features --require-module @babel/register --require steps`
22 error Exit status 1
23 error Failed at the hobnob@0.1.0 test:e2e script 'cucumber-js features --require-module @babel/register --require steps'.
23 error Make sure you have the latest version of node.js and npm installed.
23 error If you do, this is most likely a problem with the hobnob package,
23 error not with npm itself.
23 error Tell the author that this fails on your system:
23 error     cucumber-js features --require-module @babel/register --require steps
23 error You can get information on how to open an issue for this project with:
23 error     npm bugs hobnob
23 error Or if that isn't available, you can get their info via:
23 error     npm owner ls hobnob
23 error There is likely additional logging output above.
24 verbose exit [ 1, true ]
